0 info it worked if it ends with ok
1 verbose cli [ '/usr/local/bin/node',
1 verbose cli   '/usr/local/lib/node_modules/npm/bin/npm-cli.js',
1 verbose cli   'run-script',
1 verbose cli   'start' ]
2 info using npm@3.5.3
3 info using node@v4.2.3
4 verbose run-script [ 'prestart', 'start', 'poststart' ]
5 info lifecycle justynMETEORapp@~prestart: justynMETEORapp@
6 silly lifecycle justynMETEORapp@~prestart: no script for prestart, continuing
7 info lifecycle justynMETEORapp@~start: justynMETEORapp@
8 verbose lifecycle justynMETEORapp@~start: unsafe-perm in lifecycle true
9 verbose lifecycle justynMETEORapp@~start: PATH: /usr/local/lib/node_modules/npm/bin/node-gyp-bin:/Users/justynclark/Sites/METEOR/justynMETEORapp/node_modules/.bin:/usr/local/bin:/opt/local/bin:/opt/local/sbin:/usr/local/php5/bin:/usr/bin:/bin:/usr/sbin:/sbin:/usr/local/bin:/usr/local/git/bin:/Users/justynclark/.rvm/bin
10 verbose lifecycle justynMETEORapp@~start: CWD: /Users/justynclark/Sites/METEOR/justynMETEORapp
11 silly lifecycle justynMETEORapp@~start: Args: [ '-c', 'meteor run' ]
12 silly lifecycle justynMETEORapp@~start: Returned: code: 254  signal: null
13 info lifecycle justynMETEORapp@~start: Failed to exec start script
14 verbose stack Error: justynMETEORapp@ start: `meteor run`
14 verbose stack Exit status 254
14 verbose stack     at EventEmitter.<anonymous> (/usr/local/lib/node_modules/npm/lib/utils/lifecycle.js:232:16)
14 verbose stack     at emitTwo (events.js:87:13)
14 verbose stack     at EventEmitter.emit (events.js:172:7)
14 verbose stack     at ChildProcess.<anonymous> (/usr/local/lib/node_modules/npm/lib/utils/spawn.js:24:14)
14 verbose stack     at emitTwo (events.js:87:13)
14 verbose stack     at ChildProcess.emit (events.js:172:7)
14 verbose stack     at maybeClose (internal/child_process.js:818:16)
14 verbose stack     at Process.ChildProcess._handle.onexit (internal/child_process.js:211:5)
15 verbose pkgid justynMETEORapp@
16 verbose cwd /Users/justynclark/Sites/METEOR/justynMETEORapp
17 error Darwin 16.0.0
18 error argv "/usr/local/bin/node" "/usr/local/lib/node_modules/npm/bin/npm-cli.js" "run-script" "start"
19 error node v4.2.3
20 error npm  v3.5.3
21 error code ELIFECYCLE
22 error justynMETEORapp@ start: `meteor run`
22 error Exit status 254
23 error Failed at the justynMETEORapp@ start script 'meteor run'.
23 error Make sure you have the latest version of node.js and npm installed.
23 error If you do, this is most likely a problem with the justynMETEORapp package,
23 error not with npm itself.
23 error Tell the author that this fails on your system:
23 error     meteor run
23 error You can get information on how to open an issue for this project with:
23 error     npm bugs justynMETEORapp
23 error Or if that isn't available, you can get their info via:
23 error     npm owner ls justynMETEORapp
23 error There is likely additional logging output above.
24 verbose exit [ 1, true ]
